<?xml version="1.0" encoding="UTF-8"?>
<!-- Generated by org.testng.reporters.JUnitReportReporter -->
<testsuite skipped="0" hostname="DESKTOP-7BVCD7R" name="cts.tstng.practice.ExtentReportDemo" tests="1" failures="0" timestamp="2020-03-28T11:52:41 IST" time="2.942" errors="0">
  <testcase name="loginTest" time="2.942" classname="cts.tstng.practice.ExtentReportDemo"/>
  <system-out/>
</testsuite> <!-- cts.tstng.practice.ExtentReportDemo -->
