<?xml version="1.0" encoding="UTF-8"?>
<!-- Generated by org.testng.reporters.JUnitReportReporter -->
<testsuite skipped="0" hostname="DESKTOP-7BVCD7R" name="cts.miniproject.test.VerifyWordpressLogin" tests="1" failures="0" timestamp="2020-03-27T11:26:31 IST" time="40.137" errors="0">
  <testcase name="verifyValidLogin" time="40.137" classname="cts.miniproject.test.VerifyWordpressLogin"/>
  <system-out/>
</testsuite> <!-- cts.miniproject.test.VerifyWordpressLogin -->
