<?xml version="1.0" encoding="UTF-8"?>
<!-- Generated by org.testng.reporters.JUnitReportReporter -->
<testsuite skipped="0" hostname="DESKTOP-7BVCD7R" name="cts.miniproject.test.ValidAndINvalidLogin" tests="2" failures="0" timestamp="2020-03-28T09:03:58 IST" time="50.271" errors="0">
  <testcase name="validlogin" time="18.655" classname="cts.miniproject.test.ValidAndINvalidLogin"/>
  <system-out/>
  <testcase name="Invalidlogin" time="31.616" classname="cts.miniproject.test.ValidAndINvalidLogin"/>
  <system-out/>
</testsuite> <!-- cts.miniproject.test.ValidAndINvalidLogin -->
