<?xml version="1.0" encoding="UTF-8"?>
<!-- Generated by org.testng.reporters.JUnitReportReporter -->
<testsuite skipped="0" hostname="DESKTOP-7BVCD7R" name="cts.miniproject.test.VerifyWordpressLoginPageFactory" tests="1" failures="0" timestamp="2020-03-27T11:18:08 IST" time="46.035" errors="0">
  <testcase name="checkValidUser" time="46.035" classname="cts.miniproject.test.VerifyWordpressLoginPageFactory"/>
  <system-out/>
</testsuite> <!-- cts.miniproject.test.VerifyWordpressLoginPageFactory -->
